<?xml version="1.0" encoding="utf-8"?>
<failed>
<err_assert_info   method="LoginTest.login.1602472564327">
<span class="err_span">超时找不到所需页面元素[(//div[contains(text(),'在线学习系统')])]:failed</span></br>
</err_assert_info>
<err_assert_info   method="LoginTest.login.1602472564327">
<span class="err_span">&lt;a class="clickbox" href="#url"&gt;
&lt;img src="snapshot/2020-10-12 111603194.jpg" height="100" width="100" alt="" /&gt;
&lt;b class="lightbox"&gt;
&lt;b class="light"&gt;&lt;/b&gt;
&lt;b class="box"&gt;
&lt;img src="snapshot/2020-10-12 111603194.jpg" height="530" width="1024" onmousewheel="return bigimg(this)" alt="" /&gt;
&lt;span&gt;滚动鼠标缩放大小,点击X关闭当前图片，返回报表界面.&lt;br /&gt;&lt;i&gt;&lt;/i&gt;&lt;/span&gt;
&lt;/b&gt;
&lt;/b&gt;
&lt;/a&gt;
&lt;br class="clear" /&gt;
&lt;a class="clickbox" href="#url"&gt;点击查看大图&lt;b class="lightbox"&gt;&lt;b class="light"&gt;&lt;/b&gt;&lt;b class="box"&gt;&lt;img src="snapshot/2020-10-12 111603194.jpg" height="530" width="1024" onmousewheel="return bigimg(this)" alt="" /&gt;&lt;span&gt;滚动鼠标缩放大小,点击X关闭当前图片，返回报表界面.&lt;br /&gt;&lt;i&gt;&lt;/i&gt;&lt;/span&gt;&lt;/b&gt;&lt;/b&gt; &lt;/a&gt;
&lt;/br&gt;&lt;div id="close"&gt;&lt;/div&gt;
</span>
</err_assert_info>
<err_assert_info_StackTrace   method="LoginTest.login.1602472564327">
<span class="err_span" >Timed out after 20 seconds waiting for org.webdriver.patatiumwebui.utils.ElementAction$2@3e2055d6
Build info: version: '2.53.1', revision: 'a36b8b1cd5757287168e54b817830adce9b0158d', time: '2016-06-30 19:26:09'
System info: host: 'MACdeMacBook-Pro.local', ip: '127.0.0.1', os.name: 'Mac OS X', os.arch: 'x86_64', os.version: '10.15.7', java.version: '1.8.0_131'
Driver info: org.openqa.selenium.chrome.ChromeDriver
Capabilities [{mobileEmulationEnabled=false, timeouts={implicit=0, pageLoad=300000, script=30000}, hasTouchScreen=false, platform=MAC, acceptSslCerts=false, goog:chromeOptions={debuggerAddress=localhost:63097}, acceptInsecureCerts=false, webStorageEnabled=true, browserName=chrome, takesScreenshot=true, javascriptEnabled=true, setWindowRect=true, unexpectedAlertBehaviour=ignore, applicationCacheEnabled=false, rotatable=false, networkConnectionEnabled=false, chrome={chromedriverVersion=86.0.4240.22 (398b0743353ff36fb1b82468f63a3a93b4e2e89e-refs/branch-heads/4240@{#378}), userDataDir=/var/folders/4t/9dmv6hdj2n76yhmf9830dcwc0000gn/T/.com.google.Chrome.NchfJK}, takesHeapSnapshot=true, pageLoadStrategy=normal, strictFileInteractability=false, databaseEnabled=false, handlesAlerts=true, version=86.0.4240.75, browserConnectionEnabled=false, proxy={}, nativeEvents=true, locationContextEnabled=true, cssSelectorsEnabled=true, webauthn:virtualAuthenticators=true}]
Session ID: 4c1911a983d5c656627b94ae74224b36</span></br>
<span class="err_span">LoginTest.login(LoginTest.java:33)</span></br>
</err_assert_info_StackTrace>
</failed>